<?xml version="1.0" encoding="UTF-8"?>
<!-- Generated by org.testng.reporters.JUnitXMLReporter -->
<testsuite ignored="15" hostname="DESKTOP-KC70OC4" failures="0" tests="1" name="Default test" time="243.21" errors="0" timestamp="2023-08-30T15:29:52 IST">
  <testcase classname="smoke_Suite.ALC_4357" name="VerifyBonusOrderRecieptBranchAssertions" time="215.378"/>
  <testcase classname="smoke_Suite.ALC_4357" name="Plastic_Chain_Before_Approval" time="0.0">
    <ignored/>
  </testcase> <!-- Plastic_Chain_Before_Approval -->
  <testcase classname="smoke_Suite.ALC_4357" name="Branch3_Processor_Transaction" time="0.0">
    <ignored/>
  </testcase> <!-- Branch3_Processor_Transaction -->
  <testcase classname="smoke_Suite.ALC_4357" name="member_Branch1_Transaction_KG_Bonus_App_Assertion" time="0.0">
    <ignored/>
  </testcase> <!-- member_Branch1_Transaction_KG_Bonus_App_Assertion -->
  <testcase classname="smoke_Suite.ALC_4357" name="Verify_Bonus_Processor" time="0.0">
    <ignored/>
  </testcase> <!-- Verify_Bonus_Processor -->
  <testcase classname="smoke_Suite.ALC_4357" name="checkMemberBonusTransfered" time="0.0">
    <ignored/>
  </testcase> <!-- checkMemberBonusTransfered -->
  <testcase classname="smoke_Suite.ALC_4357" name="Branch1_Branch3_Transaction" time="0.0">
    <ignored/>
  </testcase> <!-- Branch1_Branch3_Transaction -->
  <testcase classname="smoke_Suite.ALC_4357" name="Plastic_Chain_After_Approval" time="0.0">
    <ignored/>
  </testcase> <!-- Plastic_Chain_After_Approval -->
  <testcase classname="smoke_Suite.ALC_4357" name="member_Branch1_Transaction_KG_Bonus_Alchmey_Assertion" time="0.0">
    <ignored/>
  </testcase> <!-- member_Branch1_Transaction_KG_Bonus_Alchmey_Assertion -->
  <testcase classname="smoke_Suite.ALC_4357" name="VerifyBonusOrderBranchValueAssertions" time="0.0">
    <ignored/>
  </testcase> <!-- VerifyBonusOrderBranchValueAssertions -->
  <testcase classname="smoke_Suite.ALC_4357" name="Verify_Bonus_Branch1" time="0.0">
    <ignored/>
  </testcase> <!-- Verify_Bonus_Branch1 -->
  <testcase classname="smoke_Suite.ALC_4357" name="Verify_Bonus_Branch3" time="0.0">
    <ignored/>
  </testcase> <!-- Verify_Bonus_Branch3 -->
  <testcase classname="smoke_Suite.ALC_4357" name="Verify_Bonus_Branch2" time="0.0">
    <ignored/>
  </testcase> <!-- Verify_Bonus_Branch2 -->
  <testcase classname="smoke_Suite.ALC_4357" name="Branch2_Processor_Transaction" time="0.0">
    <ignored/>
  </testcase> <!-- Branch2_Processor_Transaction -->
  <testcase classname="smoke_Suite.ALC_4357" name="BonusTransferedCheck" time="0.0">
    <ignored/>
  </testcase> <!-- BonusTransferedCheck -->
  <testcase classname="smoke_Suite.ALC_4357" name="Branch1_Branch2_Transaction_App_Assertions" time="0.0">
    <ignored/>
  </testcase> <!-- Branch1_Branch2_Transaction_App_Assertions -->
</testsuite> <!-- Default test -->
